2024-12-21 15:36:27,880 - INFO - Starting job scraping...
2024-12-21 15:39:16,462 - INFO - Found 73 jobs
2024-12-21 15:39:16,481 - INFO - Stored job: Business Intelligence Manager at Pacers Sports & Entertainment
2024-12-21 15:39:16,484 - INFO - Stored job: Senior National Sales Manager - Salary, Uncapped Commission, Profit Sharing at FSS, Inc.
2024-12-21 15:39:16,488 - INFO - Stored job: Shopify Web Designer and Developer at Solvers India
2024-12-21 15:39:16,490 - INFO - Stored job: Shopify web designer at Solvers India
2024-12-21 15:39:16,492 - INFO - Stored job: Shopify Platform Expert at Breezy Talent
2024-12-21 15:39:16,493 - INFO - Stored job: Senior Shopify E-commerce Specialist at MNR Solutions
2024-12-21 15:39:16,494 - INFO - Stored job: Shopify Backend Developer at Mastroke
2024-12-21 15:39:16,496 - INFO - Stored job: Shopify Web Developer | r - LPA at The Dhindora Club
2024-12-21 15:39:16,497 - INFO - Stored job: Shopify Developer at Colan Infotech Private Limited
2024-12-21 15:39:16,498 - INFO - Stored job: Shopify Designers at Doris Infotech
2024-12-21 15:39:16,499 - INFO - Stored job: Shopify Devloper at Alpha Resource Management Concepts
2024-12-21 15:39:16,500 - INFO - Stored job: MERN - Shopify Trainer at GenSpark India
2024-12-21 15:39:16,501 - INFO - Stored job: Junior Web Developer at Ambiw | Shopify Plus Agency
2024-12-21 15:39:16,509 - INFO - Stored job: Associate Shopify at Orange Mantra
2024-12-21 15:39:16,513 - INFO - Stored job: Shopify Developer at Confidential
2024-12-21 15:39:16,514 - INFO - Stored job: Shopify Store Lead and Technical Strategist at Hirepedia
2024-12-21 15:39:16,516 - INFO - Stored job: E-commerce Solutions Architect at WaveHire
2024-12-21 15:39:16,518 - INFO - Stored job: Shopify Website Development at callcenterjob.co.in
2024-12-21 15:39:16,518 - INFO - Stored job: Shopify Development |amp| Maintenance at callcenterjob.co.in
2024-12-21 15:39:16,520 - INFO - Stored job: Shopify DeveloperSAVE at callcenterjob.co.in
2024-12-21 15:39:16,521 - INFO - Stored job: Systems Valley Ecommerce Developer at Systems Valley
2024-12-21 15:39:16,522 - INFO - Stored job: Shopify Commerce Lead at Metyis Ag
2024-12-21 15:39:16,523 - INFO - Stored job: ai | Shopify Developer at Unikon
2024-12-21 15:39:16,525 - INFO - Stored job: E-commerce Listing at Solvers India
2024-12-21 15:39:16,526 - INFO - Stored job: Shopify E-Commerce Manager at theprintspace
2024-12-21 15:39:16,527 - INFO - Stored job: Ecommerce Assistant at Solvers India
2024-12-21 15:39:16,527 - INFO - Stored job: Account Manager at Schbang
2024-12-21 15:39:16,530 - INFO - Stored job: E-Commerce Executive at Solvers India
2024-12-21 15:39:16,535 - INFO - Stored job: Web Developer at Solvers India
2024-12-21 15:39:16,538 - INFO - Stored job: Shopify Developer at Solvers India
2024-12-21 15:39:16,539 - INFO - Stored job: Technical Lead - Shopify at Magneto IT Solutions
2024-12-21 15:39:16,540 - INFO - Stored job: Junior Web Developer at Ambiw | Shopify Plus Agency
2024-12-21 15:39:16,541 - INFO - Stored job: E-Commerce Executive at Lakshya Placement Pvt Ltd
2024-12-21 15:39:16,543 - INFO - Stored job: E-commerce Intern at Swiss Beauty
2024-12-21 15:39:16,544 - INFO - Stored job: Ecommerce  Executive at Pathways Consultants
2024-12-21 15:39:16,545 - INFO - Stored job: Shopify Developer -Bangalore, Karnataka, India at Hash Connect Integrated Services Pvt. Ltd.
2024-12-21 15:39:16,546 - INFO - Stored job: Shopify Developer at Cirkle Studio Pvt. Ltd.
2024-12-21 15:39:16,547 - INFO - Stored job: E-Commerce Executive at Orbiz Creativez Pvt. Ltd.
2024-12-21 15:39:16,549 - INFO - Stored job: Frontend Developer at Geek Web Solution
2024-12-21 15:39:16,550 - INFO - Stored job: Web developer at Asesa Soft
2024-12-21 15:39:16,551 - INFO - Stored job: Shopify Developer at IT Path Solutions
2024-12-21 15:39:16,551 - INFO - Stored job: Shopify Developer ( 1 to 3 Years ) at MAI__INDIA
2024-12-21 15:39:16,552 - INFO - Stored job: Shopify Operations Job in Delhi at Growify Digital
2024-12-21 15:39:16,556 - INFO - Stored job: Shopify Developer at Colan Infotech Private Limited
2024-12-21 15:39:16,561 - INFO - Stored job: Shopify Developer at Colan Infotech Private Limited
2024-12-21 15:39:16,562 - INFO - Stored job: Shopify Developer at Code Alchemy Pvt ltd
2024-12-21 15:39:16,563 - INFO - Stored job: Shopify Developer at DriftPoint Technologies
2024-12-21 15:39:16,564 - INFO - Duplicate job skipped: Shopify Developer at DriftPoint Technologies
2024-12-21 15:39:16,565 - INFO - Stored job: Shopify Developer at Stellen Infotech
2024-12-21 15:39:16,567 - INFO - Stored job: Shopify Developer at CELEBRITY WINGS ENTERTAINMENT LLC
2024-12-21 15:39:16,568 - INFO - Stored job: Shopify Developer at Doris Infotech
2024-12-21 15:39:16,569 - INFO - Stored job: Shopify Developer at WebSpero Solutions
2024-12-21 15:39:16,570 - INFO - Duplicate job skipped: Shopify Developer at Doris Infotech
2024-12-21 15:39:16,571 - INFO - Stored job: Shopify Developer at The Wellness Shop
2024-12-21 15:39:16,572 - INFO - Stored job: Shopify Developer at Stark Edge (Adwords- Analytic- Inbound Certified | Hubspot Certified)
2024-12-21 15:39:16,573 - INFO - Duplicate job skipped: Shopify Developer at Stark Edge (Adwords- Analytic- Inbound Certified | Hubspot Certified)
2024-12-21 15:39:16,574 - INFO - Stored job: SEO Executive at Digitex Technologies
2024-12-21 15:39:16,575 - INFO - Stored job: Shopify Product Management & Zoho Integration at MAI__INDIA
2024-12-21 15:39:16,576 - INFO - Stored job: Shopify Product Management & Zoho Integration at MAI__INDIA
2024-12-21 15:39:16,577 - INFO - Stored job: Shopify Developer at CELEBRITY WINGS ENTERTAINMENT LLC
2024-12-21 15:39:16,579 - INFO - Duplicate job skipped: Shopify Developer at CELEBRITY WINGS ENTERTAINMENT LLC
2024-12-21 15:39:16,585 - INFO - Stored job: WordPress & Shopify Developer at XpertIdea IT Solutions Pvt. Ltd.
2024-12-21 15:39:16,588 - INFO - Stored job: Business Analyst at DriftPoint Technologies
2024-12-21 15:39:16,590 - INFO - Stored job: Business Development Executive at Mandasa Technologies Pvt Ltd - Shopify Experts
2024-12-21 15:39:16,592 - INFO - Stored job: wordpress shopify developer at Cybersify Cloud computing Pvt ltd
2024-12-21 15:39:16,593 - INFO - Stored job: Performance Marketing Manager at Brego Business
2024-12-21 15:39:16,594 - INFO - Stored job: Graphic Designer - E-commerce & Luxury Products at Pathways Consultants
2024-12-21 15:39:16,595 - INFO - Stored job: Executive at Hancock Fashion
2024-12-21 15:39:16,595 - WARNING - Missing or invalid date for job: Shopify Back End Developer (India) at Anatta
2024-12-21 15:39:16,596 - INFO - Stored job: Shopify Back End Developer (India) at Anatta
2024-12-21 15:39:16,597 - WARNING - Missing or invalid date for job: Ecommerce Manager at Indian Institute of Organics
2024-12-21 15:39:16,598 - INFO - Stored job: Ecommerce Manager at Indian Institute of Organics
2024-12-21 15:39:16,598 - WARNING - Missing or invalid date for job: Executive Operations Coordinator at Fresh Prints
2024-12-21 15:39:16,599 - INFO - Stored job: Executive Operations Coordinator at Fresh Prints
2024-12-21 15:39:16,600 - WARNING - Missing or invalid date for job: Ecommerce Internship Merchandise & Marketing at Kamakhyaa
2024-12-21 15:39:16,601 - INFO - Stored job: Ecommerce Internship Merchandise & Marketing at Kamakhyaa
2024-12-21 15:39:16,601 - WARNING - Missing or invalid date for job: Senior Associate Talent Acquisition at ShopDeck
2024-12-21 15:39:16,602 - INFO - Stored job: Senior Associate Talent Acquisition at ShopDeck
2024-12-21 15:39:16,603 - INFO - Total jobs stored: 69
